0 info it worked if it ends with ok
1 verbose cli [ 'D:\\nodejs\\node.exe',
1 verbose cli   'D:\\nodejs\\node_modules\\npm\\bin\\npm-cli.js',
1 verbose cli   'version',
1 verbose cli   'major' ]
2 info using npm@3.8.9
3 info using node@v6.2.0
4 info git [ 'status', '--porcelain' ]
5 verbose stack Error: Git working directory not clean.
5 verbose stack M README.md
5 verbose stack M demo/demo.html
5 verbose stack D demo/jq.js
5 verbose stack D dist/Fingertip.js
5 verbose stack M dist/ScrollId.js
5 verbose stack M package.json
5 verbose stack D src/Fingertip.js
5 verbose stack M src/ScrollId.js
5 verbose stack M webpack.config.js
5 verbose stack     at D:\nodejs\node_modules\npm\lib\version.js:246:19
5 verbose stack     at ChildProcess.exithandler (child_process.js:193:7)
5 verbose stack     at emitTwo (events.js:106:13)
5 verbose stack     at ChildProcess.emit (events.js:191:7)
5 verbose stack     at maybeClose (internal/child_process.js:850:16)
5 verbose stack     at Socket.<anonymous> (internal/child_process.js:323:11)
5 verbose stack     at emitOne (events.js:96:13)
5 verbose stack     at Socket.emit (events.js:188:7)
5 verbose stack     at Pipe._handle.close [as _onclose] (net.js:492:12)
6 verbose cwd D:\web\ScrollId
7 error Windows_NT 10.0.10240
8 error argv "D:\\nodejs\\node.exe" "D:\\nodejs\\node_modules\\npm\\bin\\npm-cli.js" "version" "major"
9 error node v6.2.0
10 error npm  v3.8.9
11 error Git working directory not clean.
11 error M README.md
11 error M demo/demo.html
11 error D demo/jq.js
11 error D dist/Fingertip.js
11 error M dist/ScrollId.js
11 error M package.json
11 error D src/Fingertip.js
11 error M src/ScrollId.js
11 error M webpack.config.js
12 error If you need help, you may report this error at:
12 error     <https://github.com/npm/npm/issues>
13 verbose exit [ 1, true ]
